This is pdfTeX, Version 3.141592653-2.6-1.40.22 (MiKTeX 21.2) (preloaded format=pdflatex 2021.4.22)  4 JUL 2021 23:42
entering extended mode
**"./LABORATORIO1- 2PC EE410M.tex"
(LABORATORIO1- 2PC EE410M.tex
LaTeX2e <2020-10-01> patch level 4
L3 programming layer <2021-02-18> xparse <2020-03-03>
(C:\Program Files\MiKTeX\tex/latex/base\article.cls
Document Class: article 2020/04/10 v1.4m Standard LaTeX document class
(C:\Program Files\MiKTeX\tex/latex/base\size11.clo
File: size11.clo 2020/04/10 v1.4m Standard LaTeX file (size option)
)
\c@part=\count179
\c@section=\count180
\c@subsection=\count181
\c@subsubsection=\count182
\c@paragraph=\count183
\c@subparagraph=\count184
\c@figure=\count185
\c@table=\count186
\abovecaptionskip=\skip47
\belowcaptionskip=\skip48
\bibindent=\dimen138
)
(C:\Program Files\MiKTeX\tex/latex/base\inputenc.sty
Package: inputenc 2020/08/01 v1.3d Input encoding file
\inpenc@prehook=\toks15
\inpenc@posthook=\toks16
)
(C:\Program Files\MiKTeX\tex/latex/amsmath\amsmath.sty
Package: amsmath 2020/09/23 v2.17i AMS math features
\@mathmargin=\skip49

For additional information on amsmath, use the `?' option.
(C:\Program Files\MiKTeX\tex/latex/amsmath\amstext.sty
Package: amstext 2000/06/29 v2.01 AMS text

(C:\Program Files\MiKTeX\tex/latex/amsmath\amsgen.sty
File: amsgen.sty 1999/11/30 v2.0 generic functions
\@emptytoks=\toks17
\ex@=\dimen139
))
(C:\Program Files\MiKTeX\tex/latex/amsmath\amsbsy.sty
Package: amsbsy 1999/11/29 v1.2d Bold Symbols
\pmbraise@=\dimen140
)
(C:\Program Files\MiKTeX\tex/latex/amsmath\amsopn.sty
Package: amsopn 2016/03/08 v2.02 operator names
)
\inf@bad=\count187
LaTeX Info: Redefining \frac on input line 234.
\uproot@=\count188
\leftroot@=\count189
LaTeX Info: Redefining \overline on input line 399.
\classnum@=\count190
\DOTSCASE@=\count191
LaTeX Info: Redefining \ldots on input line 496.
LaTeX Info: Redefining \dots on input line 499.
LaTeX Info: Redefining \cdots on input line 620.
\Mathstrutbox@=\box47
\strutbox@=\box48
\big@size=\dimen141
LaTeX Font Info:    Redeclaring font encoding OML on input line 743.
LaTeX Font Info:    Redeclaring font encoding OMS on input line 744.
\macc@depth=\count192
\c@MaxMatrixCols=\count193
\dotsspace@=\muskip16
\c@parentequation=\count194
\dspbrk@lvl=\count195
\tag@help=\toks18
\row@=\count196
\column@=\count197
\maxfields@=\count198
\andhelp@=\toks19
\eqnshift@=\dimen142
\alignsep@=\dimen143
\tagshift@=\dimen144
\tagwidth@=\dimen145
\totwidth@=\dimen146
\lineht@=\dimen147
\@envbody=\toks20
\multlinegap=\skip50
\multlinetaggap=\skip51
\mathdisplay@stack=\toks21
LaTeX Info: Redefining \[ on input line 2923.
LaTeX Info: Redefining \] on input line 2924.
)
(C:\Users\Harold\AppData\Roaming\MiKTeX\tex/latex/parskip\parskip.sty
Package: parskip 2021-03-14 v2.0h non-zero parskip adjustments

(C:\Users\Harold\AppData\Roaming\MiKTeX\tex/latex/kvoptions\kvoptions.sty
Package: kvoptions 2020-10-07 v3.14 Key value format for package options (HO)

(C:\Program Files\MiKTeX\tex/latex/graphics\keyval.sty
Package: keyval 2014/10/28 v1.15 key=value parser (DPC)
\KV@toks@=\toks22
)
(C:\Users\Harold\AppData\Roaming\MiKTeX\tex/generic/ltxcmds\ltxcmds.sty
Package: ltxcmds 2020-05-10 v1.25 LaTeX kernel commands for general use (HO)
)
(C:\Users\Harold\AppData\Roaming\MiKTeX\tex/generic/kvsetkeys\kvsetkeys.sty
Package: kvsetkeys 2019/12/15 v1.18 Key value parser (HO)
))
(C:\Program Files\MiKTeX\tex/latex/etoolbox\etoolbox.sty
Package: etoolbox 2020/10/05 v2.5k e-TeX tools for LaTeX (JAW)
\etb@tempcnta=\count199
))
(C:\Program Files\MiKTeX\tex/latex/amsfonts\amsfonts.sty
Package: amsfonts 2013/01/14 v3.01 Basic AMSFonts support
\symAMSa=\mathgroup4
\symAMSb=\mathgroup5
LaTeX Font Info:    Redeclaring math symbol \hbar on input line 98.
LaTeX Font Info:    Overwriting math alphabet `\mathfrak' in version `bold'
(Font)                  U/euf/m/n --> U/euf/b/n on input line 106.
)
(C:\Program Files\MiKTeX\tex/latex/amsfonts\amssymb.sty
Package: amssymb 2013/01/14 v3.01 AMS font symbols
)
(C:\Program Files\MiKTeX\tex/latex/base\makeidx.sty
Package: makeidx 2014/09/29 v1.0m Standard LaTeX package
)
(C:\Program Files\MiKTeX\tex/latex/graphics\graphicx.sty
Package: graphicx 2020/09/09 v1.2b Enhanced LaTeX Graphics (DPC,SPQR)

(C:\Program Files\MiKTeX\tex/latex/graphics\graphics.sty
Package: graphics 2020/08/30 v1.4c Standard LaTeX Graphics (DPC,SPQR)

(C:\Program Files\MiKTeX\tex/latex/graphics\trig.sty
Package: trig 2016/01/03 v1.10 sin cos tan (DPC)
)
(C:\Program Files\MiKTeX\tex/latex/graphics-cfg\graphics.cfg
File: graphics.cfg 2016/06/04 v1.11 sample graphics configuration
)
Package graphics Info: Driver file: pdftex.def on input line 105.

(C:\Program Files\MiKTeX\tex/latex/graphics-def\pdftex.def
File: pdftex.def 2020/10/05 v1.2a Graphics/color driver for pdftex
))
\Gin@req@height=\dimen148
\Gin@req@width=\dimen149
)
(C:\Users\Harold\AppData\Roaming\MiKTeX\tex/latex/float\float.sty
Package: float 2001/11/08 v1.3d Float enhancements (AL)
\c@float@type=\count266
\float@exts=\toks23
\float@box=\box49
\@float@everytoks=\toks24
\@floatcapt=\box50
)
(C:\Program Files\MiKTeX\tex/latex/lm\lmodern.sty
Package: lmodern 2009/10/30 v1.6 Latin Modern Fonts
LaTeX Font Info:    Overwriting symbol font `operators' in version `normal'
(Font)                  OT1/cmr/m/n --> OT1/lmr/m/n on input line 22.
LaTeX Font Info:    Overwriting symbol font `letters' in version `normal'
(Font)                  OML/cmm/m/it --> OML/lmm/m/it on input line 23.
LaTeX Font Info:    Overwriting symbol font `symbols' in version `normal'
(Font)                  OMS/cmsy/m/n --> OMS/lmsy/m/n on input line 24.
LaTeX Font Info:    Overwriting symbol font `largesymbols' in version `normal'
(Font)                  OMX/cmex/m/n --> OMX/lmex/m/n on input line 25.
LaTeX Font Info:    Overwriting symbol font `operators' in version `bold'
(Font)                  OT1/cmr/bx/n --> OT1/lmr/bx/n on input line 26.
LaTeX Font Info:    Overwriting symbol font `letters' in version `bold'
(Font)                  OML/cmm/b/it --> OML/lmm/b/it on input line 27.
LaTeX Font Info:    Overwriting symbol font `symbols' in version `bold'
(Font)                  OMS/cmsy/b/n --> OMS/lmsy/b/n on input line 28.
LaTeX Font Info:    Overwriting symbol font `largesymbols' in version `bold'
(Font)                  OMX/cmex/m/n --> OMX/lmex/m/n on input line 29.
LaTeX Font Info:    Overwriting math alphabet `\mathbf' in version `normal'
(Font)                  OT1/cmr/bx/n --> OT1/lmr/bx/n on input line 31.
LaTeX Font Info:    Overwriting math alphabet `\mathsf' in version `normal'
(Font)                  OT1/cmss/m/n --> OT1/lmss/m/n on input line 32.
LaTeX Font Info:    Overwriting math alphabet `\mathit' in version `normal'
(Font)                  OT1/cmr/m/it --> OT1/lmr/m/it on input line 33.
LaTeX Font Info:    Overwriting math alphabet `\mathtt' in version `normal'
(Font)                  OT1/cmtt/m/n --> OT1/lmtt/m/n on input line 34.
LaTeX Font Info:    Overwriting math alphabet `\mathbf' in version `bold'
(Font)                  OT1/cmr/bx/n --> OT1/lmr/bx/n on input line 35.
LaTeX Font Info:    Overwriting math alphabet `\mathsf' in version `bold'
(Font)                  OT1/cmss/bx/n --> OT1/lmss/bx/n on input line 36.
LaTeX Font Info:    Overwriting math alphabet `\mathit' in version `bold'
(Font)                  OT1/cmr/bx/it --> OT1/lmr/bx/it on input line 37.
LaTeX Font Info:    Overwriting math alphabet `\mathtt' in version `bold'
(Font)                  OT1/cmtt/m/n --> OT1/lmtt/m/n on input line 38.
)
(C:\Users\Harold\AppData\Roaming\MiKTeX\tex/latex/kpfonts\kpfonts.sty
Package: kpfonts  2010/08/20 v3.31

(C:\Program Files\MiKTeX\tex/latex/base\textcomp.sty
Package: textcomp 2020/02/02 v2.0n Standard LaTeX package
LaTeX Font Info:    Changing ? sub-encoding to TS1/0 on input line 75.
)
\c@mv@rm=\count267
\c@mv@boldrm=\count268
\c@mv@sf=\count269
\c@mv@boldsf=\count270
LaTeX Font Info:    Redeclaring symbol font `operators' on input line 354.
LaTeX Font Info:    Overwriting symbol font `operators' in version `normal'
(Font)                  OT1/lmr/m/n --> OT1/jkp/m/n on input line 354.
LaTeX Font Info:    Overwriting symbol font `operators' in version `bold'
(Font)                  OT1/lmr/bx/n --> OT1/jkp/m/n on input line 354.
LaTeX Font Info:    Overwriting symbol font `operators' in version `rm'
(Font)                  OT1/cmr/m/n --> OT1/jkp/m/n on input line 354.
LaTeX Font Info:    Overwriting symbol font `operators' in version `boldrm'
(Font)                  OT1/cmr/m/n --> OT1/jkp/m/n on input line 354.
LaTeX Font Info:    Overwriting symbol font `operators' in version `sf'
(Font)                  OT1/cmr/m/n --> OT1/jkp/m/n on input line 354.
LaTeX Font Info:    Overwriting symbol font `operators' in version `boldsf'
(Font)                  OT1/cmr/m/n --> OT1/jkp/m/n on input line 354.
LaTeX Font Info:    Overwriting symbol font `operators' in version `bold'
(Font)                  OT1/jkp/m/n --> OT1/jkp/b/n on input line 355.
LaTeX Font Info:    Overwriting symbol font `operators' in version `rm'
(Font)                  OT1/jkp/m/n --> OT1/jkp/m/n on input line 357.
LaTeX Font Info:    Overwriting symbol font `operators' in version `boldrm'
(Font)                  OT1/jkp/m/n --> OT1/jkp/b/n on input line 358.
LaTeX Font Info:    Overwriting symbol font `operators' in version `sf'
(Font)                  OT1/jkp/m/n --> OT1/jkpss/m/n on input line 359.
LaTeX Font Info:    Overwriting symbol font `operators' in version `boldsf'
(Font)                  OT1/jkp/m/n --> OT1/jkpss/b/n on input line 360.
LaTeX Font Info:    Redeclaring math alphabet \mathrm on input line 364.
LaTeX Font Info:    Overwriting math alphabet `\mathrm' in version `bold'
(Font)                  OT1/jkp/m/n --> OT1/jkp/b/n on input line 365.
LaTeX Font Info:    Overwriting math alphabet `\mathrm' in version `rm'
(Font)                  OT1/jkp/m/n --> OT1/jkp/m/n on input line 366.
LaTeX Font Info:    Overwriting math alphabet `\mathrm' in version `boldrm'
(Font)                  OT1/jkp/m/n --> OT1/jkp/b/n on input line 367.
LaTeX Font Info:    Overwriting math alphabet `\mathrm' in version `sf'
(Font)                  OT1/jkp/m/n --> OT1/jkp/m/n on input line 368.
LaTeX Font Info:    Overwriting math alphabet `\mathrm' in version `boldsf'
(Font)                  OT1/jkp/m/n --> OT1/jkp/b/n on input line 369.
LaTeX Font Info:    Redeclaring math alphabet \mathbf on input line 378.
LaTeX Font Info:    Overwriting math alphabet `\mathbf' in version `normal'
(Font)                  OT1/lmr/bx/n --> OT1/jkp/b/n on input line 378.
LaTeX Font Info:    Overwriting math alphabet `\mathbf' in version `bold'
(Font)                  OT1/lmr/bx/n --> OT1/jkp/b/n on input line 378.
LaTeX Font Info:    Overwriting math alphabet `\mathbf' in version `rm'
(Font)                  OT1/cmr/bx/n --> OT1/jkp/b/n on input line 378.
LaTeX Font Info:    Overwriting math alphabet `\mathbf' in version `boldrm'
(Font)                  OT1/cmr/bx/n --> OT1/jkp/b/n on input line 378.
LaTeX Font Info:    Overwriting math alphabet `\mathbf' in version `sf'
(Font)                  OT1/cmr/bx/n --> OT1/jkp/b/n on input line 378.
LaTeX Font Info:    Overwriting math alphabet `\mathbf' in version `boldsf'
(Font)                  OT1/cmr/bx/n --> OT1/jkp/b/n on input line 378.
LaTeX Font Info:    Overwriting math alphabet `\mathbf' in version `bold'
(Font)                  OT1/jkp/b/n --> OT1/jkp/b/n on input line 379.
LaTeX Font Info:    Overwriting math alphabet `\mathbf' in version `rm'
(Font)                  OT1/jkp/b/n --> OT1/jkp/b/n on input line 381.
LaTeX Font Info:    Overwriting math alphabet `\mathbf' in version `boldrm'
(Font)                  OT1/jkp/b/n --> OT1/jkp/b/n on input line 382.
LaTeX Font Info:    Overwriting math alphabet `\mathbf' in version `sf'
(Font)                  OT1/jkp/b/n --> OT1/jkpss/b/n on input line 383.
LaTeX Font Info:    Overwriting math alphabet `\mathbf' in version `boldsf'
(Font)                  OT1/jkp/b/n --> OT1/jkpss/b/n on input line 384.
LaTeX Font Info:    Redeclaring math alphabet \mathit on input line 390.
LaTeX Font Info:    Overwriting math alphabet `\mathit' in version `normal'
(Font)                  OT1/lmr/m/it --> OT1/jkp/m/it on input line 390.
LaTeX Font Info:    Overwriting math alphabet `\mathit' in version `bold'
(Font)                  OT1/lmr/bx/it --> OT1/jkp/m/it on input line 390.
LaTeX Font Info:    Overwriting math alphabet `\mathit' in version `rm'
(Font)                  OT1/cmr/m/it --> OT1/jkp/m/it on input line 390.
LaTeX Font Info:    Overwriting math alphabet `\mathit' in version `boldrm'
(Font)                  OT1/cmr/m/it --> OT1/jkp/m/it on input line 390.
LaTeX Font Info:    Overwriting math alphabet `\mathit' in version `sf'
(Font)                  OT1/cmr/m/it --> OT1/jkp/m/it on input line 390.
LaTeX Font Info:    Overwriting math alphabet `\mathit' in version `boldsf'
(Font)                  OT1/cmr/m/it --> OT1/jkp/m/it on input line 390.
LaTeX Font Info:    Overwriting math alphabet `\mathit' in version `bold'
(Font)                  OT1/jkp/m/it --> OT1/jkp/b/it on input line 391.
LaTeX Font Info:    Overwriting math alphabet `\mathit' in version `rm'
(Font)                  OT1/jkp/m/it --> OT1/jkp/m/it on input line 393.
LaTeX Font Info:    Overwriting math alphabet `\mathit' in version `boldrm'
(Font)                  OT1/jkp/m/it --> OT1/jkp/b/it on input line 394.
LaTeX Font Info:    Overwriting math alphabet `\mathit' in version `sf'
(Font)                  OT1/jkp/m/it --> OT1/jkpss/m/it on input line 395.
LaTeX Font Info:    Overwriting math alphabet `\mathit' in version `boldsf'
(Font)                  OT1/jkp/m/it --> OT1/jkpss/b/it on input line 396.
LaTeX Font Info:    Redeclaring math alphabet \mathsf on input line 401.
LaTeX Font Info:    Overwriting math alphabet `\mathsf' in version `normal'
(Font)                  OT1/lmss/m/n --> OT1/jkpss/m/n on input line 401.
LaTeX Font Info:    Overwriting math alphabet `\mathsf' in version `bold'
(Font)                  OT1/lmss/bx/n --> OT1/jkpss/m/n on input line 401.
LaTeX Font Info:    Overwriting math alphabet `\mathsf' in version `rm'
(Font)                  OT1/cmss/m/n --> OT1/jkpss/m/n on input line 401.
LaTeX Font Info:    Overwriting math alphabet `\mathsf' in version `boldrm'
(Font)                  OT1/cmss/m/n --> OT1/jkpss/m/n on input line 401.
LaTeX Font Info:    Overwriting math alphabet `\mathsf' in version `sf'
(Font)                  OT1/cmss/m/n --> OT1/jkpss/m/n on input line 401.
LaTeX Font Info:    Overwriting math alphabet `\mathsf' in version `boldsf'
(Font)                  OT1/cmss/m/n --> OT1/jkpss/m/n on input line 401.
LaTeX Font Info:    Overwriting math alphabet `\mathsf' in version `bold'
(Font)                  OT1/jkpss/m/n --> OT1/jkpss/b/n on input line 402.
LaTeX Font Info:    Overwriting math alphabet `\mathsf' in version `rm'
(Font)                  OT1/jkpss/m/n --> OT1/jkpss/m/n on input line 403.
LaTeX Font Info:    Overwriting math alphabet `\mathsf' in version `boldrm'
(Font)                  OT1/jkpss/m/n --> OT1/jkpss/b/n on input line 404.
LaTeX Font Info:    Overwriting math alphabet `\mathsf' in version `sf'
(Font)                  OT1/jkpss/m/n --> OT1/jkpss/m/n on input line 405.
LaTeX Font Info:    Overwriting math alphabet `\mathsf' in version `boldsf'
(Font)                  OT1/jkpss/m/n --> OT1/jkpss/b/n on input line 406.
LaTeX Font Info:    Redeclaring math alphabet \mathtt on input line 410.
LaTeX Font Info:    Overwriting math alphabet `\mathtt' in version `normal'
(Font)                  OT1/lmtt/m/n --> OT1/jkptt/m/n on input line 410.
LaTeX Font Info:    Overwriting math alphabet `\mathtt' in version `bold'
(Font)                  OT1/lmtt/m/n --> OT1/jkptt/m/n on input line 410.
LaTeX Font Info:    Overwriting math alphabet `\mathtt' in version `rm'
(Font)                  OT1/cmtt/m/n --> OT1/jkptt/m/n on input line 410.
LaTeX Font Info:    Overwriting math alphabet `\mathtt' in version `boldrm'
(Font)                  OT1/cmtt/m/n --> OT1/jkptt/m/n on input line 410.
LaTeX Font Info:    Overwriting math alphabet `\mathtt' in version `sf'
(Font)                  OT1/cmtt/m/n --> OT1/jkptt/m/n on input line 410.
LaTeX Font Info:    Overwriting math alphabet `\mathtt' in version `boldsf'
(Font)                  OT1/cmtt/m/n --> OT1/jkptt/m/n on input line 410.
LaTeX Font Info:    Overwriting math alphabet `\mathtt' in version `bold'
(Font)                  OT1/jkptt/m/n --> OT1/jkptt/b/n on input line 411.
LaTeX Font Info:    Overwriting math alphabet `\mathtt' in version `rm'
(Font)                  OT1/jkptt/m/n --> OT1/jkptt/m/n on input line 412.
LaTeX Font Info:    Overwriting math alphabet `\mathtt' in version `boldrm'
(Font)                  OT1/jkptt/m/n --> OT1/jkptt/b/n on input line 413.
LaTeX Font Info:    Overwriting math alphabet `\mathtt' in version `sf'
(Font)                  OT1/jkptt/m/n --> OT1/jkptt/m/n on input line 414.
LaTeX Font Info:    Overwriting math alphabet `\mathtt' in version `boldsf'
(Font)                  OT1/jkptt/m/n --> OT1/jkptt/b/n on input line 415.
LaTeX Font Info:    Redeclaring symbol font `letters' on input line 423.
LaTeX Font Info:    Overwriting symbol font `letters' in version `normal'
(Font)                  OML/lmm/m/it --> OML/jkp/m/it on input line 423.
LaTeX Font Info:    Overwriting symbol font `letters' in version `bold'
(Font)                  OML/lmm/b/it --> OML/jkp/m/it on input line 423.
LaTeX Font Info:    Overwriting symbol font `letters' in version `rm'
(Font)                  OML/cmm/m/it --> OML/jkp/m/it on input line 423.
LaTeX Font Info:    Overwriting symbol font `letters' in version `boldrm'
(Font)                  OML/cmm/m/it --> OML/jkp/m/it on input line 423.
LaTeX Font Info:    Overwriting symbol font `letters' in version `sf'
(Font)                  OML/cmm/m/it --> OML/jkp/m/it on input line 423.
LaTeX Font Info:    Overwriting symbol font `letters' in version `boldsf'
(Font)                  OML/cmm/m/it --> OML/jkp/m/it on input line 423.
LaTeX Font Info:    Overwriting symbol font `letters' in version `bold'
(Font)                  OML/jkp/m/it --> OML/jkp/bx/it on input line 424.
LaTeX Font Info:    Overwriting symbol font `letters' in version `rm'
(Font)                  OML/jkp/m/it --> OML/jkp/m/it on input line 426.
LaTeX Font Info:    Overwriting symbol font `letters' in version `boldrm'
(Font)                  OML/jkp/m/it --> OML/jkp/bx/it on input line 427.
LaTeX Font Info:    Overwriting symbol font `letters' in version `sf'
(Font)                  OML/jkp/m/it --> OML/jkpss/m/it on input line 428.
LaTeX Font Info:    Overwriting symbol font `letters' in version `boldsf'
(Font)                  OML/jkp/m/it --> OML/jkpss/bx/it on input line 429.
\symlettersA=\mathgroup6
LaTeX Font Info:    Overwriting symbol font `lettersA' in version `bold'
(Font)                  U/jkpmia/m/it --> U/jkpmia/bx/it on input line 439.
LaTeX Font Info:    Overwriting symbol font `lettersA' in version `rm'
(Font)                  U/jkpmia/m/it --> U/jkpmia/m/it on input line 441.
LaTeX Font Info:    Overwriting symbol font `lettersA' in version `boldrm'
(Font)                  U/jkpmia/m/it --> U/jkpmia/bx/it on input line 442.
LaTeX Font Info:    Overwriting symbol font `lettersA' in version `sf'
(Font)                  U/jkpmia/m/it --> U/jkpssmia/m/it on input line 443.
LaTeX Font Info:    Overwriting symbol font `lettersA' in version `boldsf'
(Font)                  U/jkpmia/m/it --> U/jkpssmia/bx/it on input line 444.
LaTeX Font Info:    Redeclaring math alphabet \mathfrak on input line 447.
LaTeX Font Info:    Redeclaring symbol font `symbols' on input line 456.
LaTeX Font Info:    Overwriting symbol font `symbols' in version `normal'
(Font)                  OMS/lmsy/m/n --> OMS/jkp/m/n on input line 456.
LaTeX Font Info:    Overwriting symbol font `symbols' in version `bold'
(Font)                  OMS/lmsy/b/n --> OMS/jkp/m/n on input line 456.
LaTeX Font Info:    Overwriting symbol font `symbols' in version `rm'
(Font)                  OMS/cmsy/m/n --> OMS/jkp/m/n on input line 456.
LaTeX Font Info:    Overwriting symbol font `symbols' in version `boldrm'
(Font)                  OMS/cmsy/m/n --> OMS/jkp/m/n on input line 456.
LaTeX Font Info:    Overwriting symbol font `symbols' in version `sf'
(Font)                  OMS/cmsy/m/n --> OMS/jkp/m/n on input line 456.
LaTeX Font Info:    Overwriting symbol font `symbols' in version `boldsf'
(Font)                  OMS/cmsy/m/n --> OMS/jkp/m/n on input line 456.
LaTeX Font Info:    Overwriting symbol font `symbols' in version `bold'
(Font)                  OMS/jkp/m/n --> OMS/jkp/bx/n on input line 457.
LaTeX Font Info:    Overwriting symbol font `symbols' in version `rm'
(Font)                  OMS/jkp/m/n --> OMS/jkp/m/n on input line 459.
LaTeX Font Info:    Overwriting symbol font `symbols' in version `boldrm'
(Font)                  OMS/jkp/m/n --> OMS/jkp/bx/n on input line 460.
LaTeX Font Info:    Overwriting symbol font `symbols' in version `sf'
(Font)                  OMS/jkp/m/n --> OMS/jkp/m/n on input line 461.
LaTeX Font Info:    Overwriting symbol font `symbols' in version `boldsf'
(Font)                  OMS/jkp/m/n --> OMS/jkp/bx/n on input line 462.
LaTeX Font Info:    Redeclaring symbol font `AMSa' on input line 475.
LaTeX Font Info:    Overwriting symbol font `AMSa' in version `normal'
(Font)                  U/msa/m/n --> U/jkpsya/m/n on input line 475.
LaTeX Font Info:    Overwriting symbol font `AMSa' in version `bold'
(Font)                  U/msa/m/n --> U/jkpsya/m/n on input line 475.
LaTeX Font Info:    Overwriting symbol font `AMSa' in version `rm'
(Font)                  U/msa/m/n --> U/jkpsya/m/n on input line 475.
LaTeX Font Info:    Overwriting symbol font `AMSa' in version `boldrm'
(Font)                  U/msa/m/n --> U/jkpsya/m/n on input line 475.
LaTeX Font Info:    Overwriting symbol font `AMSa' in version `sf'
(Font)                  U/msa/m/n --> U/jkpsya/m/n on input line 475.
LaTeX Font Info:    Overwriting symbol font `AMSa' in version `boldsf'
(Font)                  U/msa/m/n --> U/jkpsya/m/n on input line 475.
LaTeX Font Info:    Overwriting symbol font `AMSa' in version `bold'
(Font)                  U/jkpsya/m/n --> U/jkpsya/bx/n on input line 476.
LaTeX Font Info:    Overwriting symbol font `AMSa' in version `rm'
(Font)                  U/jkpsya/m/n --> U/jkpsya/m/n on input line 477.
LaTeX Font Info:    Overwriting symbol font `AMSa' in version `boldrm'
(Font)                  U/jkpsya/m/n --> U/jkpsya/bx/n on input line 478.
LaTeX Font Info:    Overwriting symbol font `AMSa' in version `sf'
(Font)                  U/jkpsya/m/n --> U/jkpsya/m/n on input line 479.
LaTeX Font Info:    Overwriting symbol font `AMSa' in version `boldsf'
(Font)                  U/jkpsya/m/n --> U/jkpsya/bx/n on input line 480.
LaTeX Font Info:    Redeclaring symbol font `AMSb' on input line 528.
LaTeX Font Info:    Overwriting symbol font `AMSb' in version `normal'
(Font)                  U/msb/m/n --> U/jkpsyb/m/n on input line 528.
LaTeX Font Info:    Overwriting symbol font `AMSb' in version `bold'
(Font)                  U/msb/m/n --> U/jkpsyb/m/n on input line 528.
LaTeX Font Info:    Overwriting symbol font `AMSb' in version `rm'
(Font)                  U/msb/m/n --> U/jkpsyb/m/n on input line 528.
LaTeX Font Info:    Overwriting symbol font `AMSb' in version `boldrm'
(Font)                  U/msb/m/n --> U/jkpsyb/m/n on input line 528.
LaTeX Font Info:    Overwriting symbol font `AMSb' in version `sf'
(Font)                  U/msb/m/n --> U/jkpsyb/m/n on input line 528.
LaTeX Font Info:    Overwriting symbol font `AMSb' in version `boldsf'
(Font)                  U/msb/m/n --> U/jkpsyb/m/n on input line 528.
LaTeX Font Info:    Overwriting symbol font `AMSb' in version `bold'
(Font)                  U/jkpsyb/m/n --> U/jkpsyb/bx/n on input line 529.
LaTeX Font Info:    Overwriting symbol font `AMSb' in version `rm'
(Font)                  U/jkpsyb/m/n --> U/jkpsyb/m/n on input line 530.
LaTeX Font Info:    Overwriting symbol font `AMSb' in version `boldrm'
(Font)                  U/jkpsyb/m/n --> U/jkpsyb/bx/n on input line 531.
LaTeX Font Info:    Overwriting symbol font `AMSb' in version `sf'
(Font)                  U/jkpsyb/m/n --> U/jkpsssyb/m/n on input line 532.
LaTeX Font Info:    Overwriting symbol font `AMSb' in version `boldsf'
(Font)                  U/jkpsyb/m/n --> U/jkpsssyb/bx/n on input line 533.
\symsymbolsC=\mathgroup7
LaTeX Font Info:    Overwriting symbol font `symbolsC' in version `bold'
(Font)                  U/jkpsyc/m/n --> U/jkpsyc/bx/n on input line 549.
LaTeX Font Info:    Overwriting symbol font `symbolsC' in version `rm'
(Font)                  U/jkpsyc/m/n --> U/jkpsyc/m/n on input line 551.
LaTeX Font Info:    Overwriting symbol font `symbolsC' in version `boldrm'
(Font)                  U/jkpsyc/m/n --> U/jkpsyc/bx/n on input line 552.
LaTeX Font Info:    Overwriting symbol font `symbolsC' in version `sf'
(Font)                  U/jkpsyc/m/n --> U/jkpsyc/m/n on input line 553.
LaTeX Font Info:    Overwriting symbol font `symbolsC' in version `boldsf'
(Font)                  U/jkpsyc/m/n --> U/jkpsyc/bx/n on input line 554.
LaTeX Font Info:    Overwriting math alphabet `\mathscr' in version `bold'
(Font)                  U/jkpsyd/m/n --> U/jkpsyd/bx/n on input line 583.
LaTeX Font Info:    Overwriting math alphabet `\mathscr' in version `rm'
(Font)                  U/jkpsyd/m/n --> U/jkpsyd/m/n on input line 585.
LaTeX Font Info:    Overwriting math alphabet `\mathscr' in version `boldrm'
(Font)                  U/jkpsyd/m/n --> U/jkpsyd/bx/n on input line 586.
LaTeX Font Info:    Overwriting math alphabet `\mathscr' in version `sf'
(Font)                  U/jkpsyd/m/n --> U/jkpsyd/m/n on input line 587.
LaTeX Font Info:    Overwriting math alphabet `\mathscr' in version `boldsf'
(Font)                  U/jkpsyd/m/n --> U/jkpsyd/bx/n on input line 588.
LaTeX Font Info:    Redeclaring symbol font `largesymbols' on input line 598.
LaTeX Font Info:    Overwriting symbol font `largesymbols' in version `normal'
(Font)                  OMX/lmex/m/n --> OMX/jkp/m/n on input line 598.
LaTeX Font Info:    Overwriting symbol font `largesymbols' in version `bold'
(Font)                  OMX/lmex/m/n --> OMX/jkp/m/n on input line 598.
LaTeX Font Info:    Overwriting symbol font `largesymbols' in version `rm'
(Font)                  OMX/cmex/m/n --> OMX/jkp/m/n on input line 598.
LaTeX Font Info:    Overwriting symbol font `largesymbols' in version `boldrm'
(Font)                  OMX/cmex/m/n --> OMX/jkp/m/n on input line 598.
LaTeX Font Info:    Overwriting symbol font `largesymbols' in version `sf'
(Font)                  OMX/cmex/m/n --> OMX/jkp/m/n on input line 598.
LaTeX Font Info:    Overwriting symbol font `largesymbols' in version `boldsf'
(Font)                  OMX/cmex/m/n --> OMX/jkp/m/n on input line 598.
LaTeX Font Info:    Overwriting symbol font `largesymbols' in version `bold'
(Font)                  OMX/jkp/m/n --> OMX/jkp/bx/n on input line 599.
LaTeX Font Info:    Overwriting symbol font `largesymbols' in version `rm'
(Font)                  OMX/jkp/m/n --> OMX/jkp/m/n on input line 601.
LaTeX Font Info:    Overwriting symbol font `largesymbols' in version `boldrm'
(Font)                  OMX/jkp/m/n --> OMX/jkp/bx/n on input line 602.
LaTeX Font Info:    Overwriting symbol font `largesymbols' in version `sf'
(Font)                  OMX/jkp/m/n --> OMX/jkpss/m/n on input line 603.
LaTeX Font Info:    Overwriting symbol font `largesymbols' in version `boldsf'
(Font)                  OMX/jkp/m/n --> OMX/jkpss/bx/n on input line 604.
\symlargesymbolsA=\mathgroup8
LaTeX Font Info:    Overwriting symbol font `largesymbolsA' in version `bold'
(Font)                  U/jkpexa/m/n --> U/jkpexa/bx/n on input line 615.
LaTeX Font Info:    Overwriting symbol font `largesymbolsA' in version `rm'
(Font)                  U/jkpexa/m/n --> U/jkpexa/m/n on input line 617.
LaTeX Font Info:    Overwriting symbol font `largesymbolsA' in version `boldrm'

(Font)                  U/jkpexa/m/n --> U/jkpexa/bx/n on input line 618.
LaTeX Font Info:    Overwriting symbol font `largesymbolsA' in version `sf'
(Font)                  U/jkpexa/m/n --> U/jkpexa/m/n on input line 619.
LaTeX Font Info:    Overwriting symbol font `largesymbolsA' in version `boldsf'

(Font)                  U/jkpexa/m/n --> U/jkpexa/bx/n on input line 620.
LaTeX Info: Redefining \not on input line 1580.
)
(C:\Program Files\MiKTeX\tex/latex/xcolor\xcolor.sty
Package: xcolor 2016/05/11 v2.12 LaTeX color extensions (UK)

(C:\Program Files\MiKTeX\tex/latex/graphics-cfg\color.cfg
File: color.cfg 2016/01/02 v1.6 sample color configuration
)
Package xcolor Info: Driver file: pdftex.def on input line 225.
Package xcolor Info: Model `cmy' substituted by `cmy0' on input line 1348.
Package xcolor Info: Model `hsb' substituted by `rgb' on input line 1352.
Package xcolor Info: Model `RGB' extended on input line 1364.
Package xcolor Info: Model `HTML' substituted by `rgb' on input line 1366.
Package xcolor Info: Model `Hsb' substituted by `hsb' on input line 1367.
Package xcolor Info: Model `tHsb' substituted by `hsb' on input line 1368.
Package xcolor Info: Model `HSB' substituted by `hsb' on input line 1369.
Package xcolor Info: Model `Gray' substituted by `gray' on input line 1370.
Package xcolor Info: Model `wave' substituted by `hsb' on input line 1371.
)
(C:\Users\Harold\AppData\Roaming\MiKTeX\tex/latex/cancel\cancel.sty
Package: cancel 2013/04/12 v2.2 Cancel math terms
)
(C:\Users\Harold\AppData\Roaming\MiKTeX\tex/latex/mathtools\mathtools.sty
Package: mathtools 2021/04/12 v1.27 mathematical typesetting tools

(C:\Program Files\MiKTeX\tex/latex/latex-tools\calc.sty
Package: calc 2017/05/25 v4.3 Infix arithmetic (KKT,FJ)
\calc@Acount=\count271
\calc@Bcount=\count272
\calc@Adimen=\dimen150
\calc@Bdimen=\dimen151
\calc@Askip=\skip52
\calc@Bskip=\skip53
LaTeX Info: Redefining \setlength on input line 80.
LaTeX Info: Redefining \addtolength on input line 81.
\calc@Ccount=\count273
\calc@Cskip=\skip54
)
(C:\Users\Harold\AppData\Roaming\MiKTeX\tex/latex/mathtools\mhsetup.sty
Package: mhsetup 2021/03/18 v1.4 programming setup (MH)
)
LaTeX Info: Thecontrolsequence`\('isalreadyrobust on input line 130.
LaTeX Info: Thecontrolsequence`\)'isalreadyrobust on input line 130.
LaTeX Info: Thecontrolsequence`\['isalreadyrobust on input line 130.
LaTeX Info: Thecontrolsequence`\]'isalreadyrobust on input line 130.
\g_MT_multlinerow_int=\count274
\l_MT_multwidth_dim=\dimen152
\origjot=\skip55
\l_MT_shortvdotswithinadjustabove_dim=\dimen153
\l_MT_shortvdotswithinadjustbelow_dim=\dimen154
\l_MT_above_intertext_sep=\dimen155
\l_MT_below_intertext_sep=\dimen156
\l_MT_above_shortintertext_sep=\dimen157
\l_MT_below_shortintertext_sep=\dimen158
\xmathstrut@box=\box51
\xmathstrut@dim=\dimen159
)
(C:\Users\Harold\AppData\Roaming\MiKTeX\tex/generic/schemata\schemata.sty
Package: schemata 2021/02/27 1.4 generic package to aid construction of topical
 categories
\@schemata@rhs=\box52
\@schemata@lhs=\box53
\@schemata@rheight=\dimen160
\@schemata@lheight=\dimen161
\@schemata@one=\dimen162
\@schemata@two=\dimen163
\@schemata@three=\dimen164
)
(C:\Users\Harold\AppData\Roaming\MiKTeX\tex/latex/geometry\geometry.sty
Package: geometry 2020/01/02 v5.9 Page Geometry

(C:\Program Files\MiKTeX\tex/generic/iftex\ifvtex.sty
Package: ifvtex 2019/10/25 v1.7 ifvtex legacy package. Use iftex instead.

(C:\Program Files\MiKTeX\tex/generic/iftex\iftex.sty
Package: iftex 2020/03/06 v1.0d TeX engine tests
))
\Gm@cnth=\count275
\Gm@cntv=\count276
\c@Gm@tempcnt=\count277
\Gm@bindingoffset=\dimen165
\Gm@wd@mp=\dimen166
\Gm@odd@mp=\dimen167
\Gm@even@mp=\dimen168
\Gm@layoutwidth=\dimen169
\Gm@layoutheight=\dimen170
\Gm@layouthoffset=\dimen171
\Gm@layoutvoffset=\dimen172
\Gm@dimlist=\toks25

(C:\Users\Harold\AppData\Roaming\MiKTeX\tex/latex/geometry\geometry.cfg))
LaTeX Font Info:    Trying to load font information for OT1+jkp on input line 2
2.

(C:\Users\Harold\AppData\Roaming\MiKTeX\tex/latex/kpfonts\ot1jkp.fd
File: ot1jkp.fd 2007/08/30 Fontinst v1.928 font definitions for OT1/jkp.
)
(C:\Program Files\MiKTeX\tex/latex/l3backend\l3backend-pdftex.def
File: l3backend-pdftex.def 2021-02-18 L3 backend support: PDF output (pdfTeX)
\l__color_backend_stack_int=\count278
\l__pdf_internal_box=\box54
)
(LABORATORIO1- 2PC EE410M.aux (CARATULATAREAPC3.aux) (indice.aux)

LaTeX Warning: Label `fig:my_label' multiply defined.


LaTeX Warning: Label `DIAGRAMADEAMORTIGUACION2' multiply defined.

)
\openout1 = `"LABORATORIO1- 2PC EE410M.aux"'.

LaTeX Font Info:    Checking defaults for OML/jkp/m/it on input line 22.
LaTeX Font Info:    Trying to load font information for OML+jkp on input line 2
2.
 (C:\Users\Harold\AppData\Roaming\MiKTeX\tex/latex/kpfonts\omljkp.fd
File: omljkp.fd 2006/08/15 v1.0
)
LaTeX Font Info:    ... okay on input line 22.
LaTeX Font Info:    Checking defaults for OMS/jkp/m/n on input line 22.
LaTeX Font Info:    Trying to load font information for OMS+jkp on input line 2
2.

(C:\Users\Harold\AppData\Roaming\MiKTeX\tex/latex/kpfonts\omsjkp.fd
File: omsjkp.fd 2006/08/15 v1.0
)
LaTeX Font Info:    ... okay on input line 22.
LaTeX Font Info:    Checking defaults for OT1/cmr/m/n on input line 22.
LaTeX Font Info:    ... okay on input line 22.
LaTeX Font Info:    Checking defaults for T1/cmr/m/n on input line 22.
LaTeX Font Info:    ... okay on input line 22.
LaTeX Font Info:    Checking defaults for TS1/cmr/m/n on input line 22.
LaTeX Font Info:    ... okay on input line 22.
LaTeX Font Info:    Checking defaults for OMX/jkp/m/n on input line 22.
LaTeX Font Info:    Trying to load font information for OMX+jkp on input line 2
2.

(C:\Users\Harold\AppData\Roaming\MiKTeX\tex/latex/kpfonts\omxjkp.fd
File: omxjkp.fd 2006/08/15 v1.0
)
LaTeX Font Info:    ... okay on input line 22.
LaTeX Font Info:    Checking defaults for U/jkpexa/m/n on input line 22.
LaTeX Font Info:    Trying to load font information for U+jkpexa on input line 
22.

(C:\Users\Harold\AppData\Roaming\MiKTeX\tex/latex/kpfonts\ujkpexa.fd
File: ujkpexa.fd 2006/08/15 v1.0
)
LaTeX Font Info:    ... okay on input line 22.

(C:\Program Files\MiKTeX\tex/context/base/mkii\supp-pdf.mkii
[Loading MPS to PDF converter (version 2006.09.02).]
\scratchcounter=\count279
\scratchdimen=\dimen173
\scratchbox=\box55
\nofMPsegments=\count280
\nofMParguments=\count281
\everyMPshowfont=\toks26
\MPscratchCnt=\count282
\MPscratchDim=\dimen174
\MPnumerator=\count283
\makeMPintoPDFobject=\count284
\everyMPtoPDFconversion=\toks27
) (C:\Program Files\MiKTeX\tex/latex/epstopdf-pkg\epstopdf-base.sty
Package: epstopdf-base 2020-01-24 v2.11 Base part for package epstopdf
Package epstopdf-base Info: Redefining graphics rule for `.eps' on input line 4
85.
)
*geometry* driver: auto-detecting
*geometry* detected driver: pdftex
*geometry* verbose mode - [ preamble ] result:
* driver: pdftex
* paper: a4paper
* layout: <same size as paper>
* layoutoffset:(h,v)=(0.0pt,0.0pt)
* modes: 
* h-part:(L,W,R)=(56.9055pt, 483.69687pt, 56.9055pt)
* v-part:(T,H,B)=(56.9055pt, 731.23584pt, 56.9055pt)
* \paperwidth=597.50787pt
* \paperheight=845.04684pt
* \textwidth=483.69687pt
* \textheight=731.23584pt
* \oddsidemargin=-15.36449pt
* \evensidemargin=-15.36449pt
* \topmargin=-52.36449pt
* \headheight=12.0pt
* \headsep=25.0pt
* \topskip=11.0pt
* \footskip=30.0pt
* \marginparwidth=50.0pt
* \marginparsep=10.0pt
* \columnsep=10.0pt
* \skip\footins=10.0pt plus 4.0pt minus 2.0pt
* \hoffset=0.0pt
* \voffset=0.0pt
* \mag=1000
* \@twocolumnfalse
* \@twosidefalse
* \@mparswitchfalse
* \@reversemarginfalse
* (1in=72.27pt=25.4mm, 1cm=28.453pt)

\openout2 = `CARATULATAREAPC3.aux'.

(CARATULATAREAPC3.tex
<Logo UNI.png, id=1, 270.25969pt x 342.5297pt>
File: Logo UNI.png Graphic file (type png)
<use Logo UNI.png>
Package pdftex.def Info: Logo UNI.png  used on input line 9.
(pdftex.def)             Requested size: 189.18048pt x 239.76915pt.
 [1


{C:/Users/Harold/AppData/Local/MiKTeX/pdftex/config/pdftex.map} <./Logo UNI.png
>])
\openout2 = `indice.aux'.

 (indice.tex [1



])
Overfull \hbox (25.85222pt too wide) in paragraph at lines 36--37
\OT1/jkp/m/n/12 Como ya ha sido men-cionado, la suma de con-voluci[]on provee u
na man-era matem[]aticamante
 []

LaTeX Font Info:    Trying to load font information for U+jkpsya on input line 
37.
(C:\Users\Harold\AppData\Roaming\MiKTeX\tex/latex/kpfonts\ujkpsya.fd
File: ujkpsya.fd 2006/08/15 v1.0
)
LaTeX Font Info:    Trying to load font information for U+jkpsyb on input line 
37.

(C:\Users\Harold\AppData\Roaming\MiKTeX\tex/latex/kpfonts\ujkpsyb.fd
File: ujkpsyb.fd 2006/08/15 v1.0
)
LaTeX Font Info:    Trying to load font information for U+jkpmia on input line 
37.

(C:\Users\Harold\AppData\Roaming\MiKTeX\tex/latex/kpfonts\ujkpmia.fd
File: ujkpmia.fd 2006/08/15 v1.0
)
LaTeX Font Info:    Trying to load font information for U+jkpsyc on input line 
37.

(C:\Users\Harold\AppData\Roaming\MiKTeX\tex/latex/kpfonts\ujkpsyc.fd
File: ujkpsyc.fd 2006/08/15 v1.0
)
Underfull \hbox (badness 10000) in paragraph at lines 40--42

 []

LaTeX Font Info:    Trying to load font information for TS1+jkp on input line 5
1.
(C:\Users\Harold\AppData\Roaming\MiKTeX\tex/latex/kpfonts\ts1jkp.fd
File: ts1jkp.fd 2007/08/30 Fontinst v1.928 font definitions for TS1/jkp.
)
Underfull \hbox (badness 10000) in paragraph at lines 51--52

 []


Underfull \hbox (badness 10000) in paragraph at lines 52--54

 []


Underfull \hbox (badness 10000) in paragraph at lines 54--56

 []


Underfull \hbox (badness 10000) in paragraph at lines 63--64

 []

[1


]
Underfull \hbox (badness 10000) in paragraph at lines 70--73

 []


Underfull \hbox (badness 10000) in paragraph at lines 70--73

 []


Underfull \hbox (badness 10000) in paragraph at lines 76--78

 []


Underfull \hbox (badness 10000) in paragraph at lines 79--81

 []


Overfull \hbox (1.02538pt too wide) in paragraph at lines 79--81
\OT1/jkp/m/n/12 Si la trans-for-mada de Laplace de una funci[]on $\OML/jkp/m/it
/12 F\OT1/jkp/m/n/12 (\OML/jkp/m/it/12 t\OT1/jkp/m/n/12 )$, es $\OML/jkp/m/it/1
2 f\OT1/jkp/m/n/12 (\OML/jkp/m/it/12 s\OT1/jkp/m/n/12 )$. es de-cir $\OMS/jkp/m
/n/12 L[] \OT1/jkp/m/n/12 = \OML/jkp/m/it/12 f\OT1/jkp/m/n/12 (\OML/jkp/m/it/12
 s\OT1/jkp/m/n/12 )$,entonces
 []

[2]
Underfull \hbox (badness 10000) in paragraph at lines 102--106

 []

<fig1.png, id=20, 421.575pt x 316.18124pt>
File: fig1.png Graphic file (type png)
<use fig1.png>
Package pdftex.def Info: fig1.png  used on input line 111.
(pdftex.def)             Requested size: 337.26045pt x 252.94533pt.

Underfull \hbox (badness 10000) in paragraph at lines 107--115

 []

[3 <./fig1.png (PNG copy)>]
<fig2.png, id=25, 421.575pt x 316.18124pt>
File: fig2.png Graphic file (type png)
<use fig2.png>
Package pdftex.def Info: fig2.png  used on input line 122.
(pdftex.def)             Requested size: 337.26045pt x 252.94533pt.
<fig3.png, id=26, 421.575pt x 316.18124pt>
File: fig3.png Graphic file (type png)
<use fig3.png>
Package pdftex.def Info: fig3.png  used on input line 132.
(pdftex.def)             Requested size: 337.26045pt x 252.94533pt.
 [4 <./fig2.png (PNG copy)> <./fig3.png (PNG copy)>]
<fig4.png, id=30, 421.575pt x 316.18124pt>
File: fig4.png Graphic file (type png)
<use fig4.png>
Package pdftex.def Info: fig4.png  used on input line 145.
(pdftex.def)             Requested size: 295.10048pt x 221.32535pt.

Underfull \hbox (badness 10000) in paragraph at lines 139--148

 []


Underfull \hbox (badness 10000) in paragraph at lines 150--151

 []

<fig5.png, id=31, 421.575pt x 316.18124pt>
File: fig5.png Graphic file (type png)
<use fig5.png>
Package pdftex.def Info: fig5.png  used on input line 156.
(pdftex.def)             Requested size: 252.94695pt x 189.7102pt.

Underfull \hbox (badness 10000) in paragraph at lines 153--158

 []


Underfull \hbox (badness 10000) in paragraph at lines 159--160

 []

[5 <./fig4.png (PNG copy)> <./fig5.png (PNG copy)>]
<fig6.png, id=36, 421.575pt x 316.18124pt>
File: fig6.png Graphic file (type png)
<use fig6.png>
Package pdftex.def Info: fig6.png  used on input line 166.
(pdftex.def)             Requested size: 252.94695pt x 189.7102pt.

Underfull \hbox (badness 10000) in paragraph at lines 163--168

 []


Underfull \hbox (badness 10000) in paragraph at lines 169--172

 []


Underfull \hbox (badness 10000) in paragraph at lines 169--172

 []


Underfull \hbox (badness 10000) in paragraph at lines 169--172

 []

<fig7.png, id=37, 421.575pt x 316.18124pt>
File: fig7.png Graphic file (type png)
<use fig7.png>
Package pdftex.def Info: fig7.png  used on input line 177.
(pdftex.def)             Requested size: 252.94695pt x 189.7102pt.

Underfull \hbox (badness 10000) in paragraph at lines 174--179

 []


Underfull \hbox (badness 10000) in paragraph at lines 180--181

 []

[6 <./fig6.png (PNG copy)> <./fig7.png (PNG copy)>]
<fig8.png, id=41, 421.575pt x 316.18124pt>
File: fig8.png Graphic file (type png)
<use fig8.png>
Package pdftex.def Info: fig8.png  used on input line 188.
(pdftex.def)             Requested size: 252.94695pt x 189.7102pt.

Underfull \hbox (badness 10000) in paragraph at lines 185--190

 []


Underfull \hbox (badness 10000) in paragraph at lines 192--194

 []

<fig9.png, id=42, 421.575pt x 417.05812pt>
File: fig9.png Graphic file (type png)
<use fig9.png>
Package pdftex.def Info: fig9.png  used on input line 197.
(pdftex.def)             Requested size: 337.26045pt x 333.64694pt.
[7 <./fig8.png (PNG copy)> <./fig9.png (PNG copy)>]
Underfull \hbox (badness 10000) in paragraph at lines 211--212

 []


Underfull \hbox (badness 10000) in paragraph at lines 214--219

 []


Underfull \hbox (badness 10000) in paragraph at lines 214--219

 []


Underfull \hbox (badness 10000) in paragraph at lines 214--219

 []


Underfull \hbox (badness 10000) in paragraph at lines 220--223

 []

<fig10.png, id=46, 421.575pt x 433.62pt>
File: fig10.png Graphic file (type png)
<use fig10.png>
Package pdftex.def Info: fig10.png  used on input line 226.
(pdftex.def)             Requested size: 379.41399pt x 390.2544pt.
[8 <./fig10.png (PNG copy)>]
<fig11.png, id=50, 421.575pt x 431.36156pt>
File: fig11.png Graphic file (type png)
<use fig11.png>
Package pdftex.def Info: fig11.png  used on input line 232.
(pdftex.def)             Requested size: 463.73392pt x 474.49918pt.

Underfull \hbox (badness 10000) in paragraph at lines 229--234

 []


Underfull \hbox (badness 10000) in paragraph at lines 229--234

 []

[9 <./fig11.png (PNG copy)>]
<fig12.png, id=54, 421.575pt x 432.86719pt>
File: fig12.png Graphic file (type png)
<use fig12.png>
Package pdftex.def Info: fig12.png  used on input line 251.
(pdftex.def)             Requested size: 505.88745pt x 519.43802pt.

Overfull \hbox (22.19058pt too wide) in paragraph at lines 251--252
 [][] 
 []


Overfull \hbox (5.09103pt too wide) in paragraph at lines 246--253
[]\OT1/jkp/m/n/12 Ahora us-ando \OT1/jkp/b/n/12 mat-lab \OT1/jkp/m/n/12 y el co
-mando \OT1/jkp/m/it/12 conv \OT1/jkp/m/n/12 hal-lare-mos las con-volu-ciones d
e $\OML/jkp/m/it/12 f\OT1/jkp/m/n/12 (\OML/jkp/m/it/12 t\OT1/jkp/m/n/12 ) \OMS/
jkp/m/n/12  \OML/jkp/m/it/12 f\OT1/jkp/m/n/12 (\OML/jkp/m/it/12 t\OT1/jkp/m/n/
12 )\OML/jkp/m/it/12 ;  f\OT1/jkp/m/n/12 (\OML/jkp/m/it/12 t\OT1/jkp/m/n/12 ) \
OMS/jkp/m/n/12 
 []


Underfull \hbox (badness 10000) in paragraph at lines 246--253

 []

[10 <./fig12.png (PNG copy)>]
<fig13.png, id=59, 421.575pt x 432.86719pt>
File: fig13.png Graphic file (type png)
<use fig13.png>
Package pdftex.def Info: fig13.png  used on input line 258.
(pdftex.def)             Requested size: 505.88745pt x 519.43802pt.

Overfull \hbox (22.19058pt too wide) in paragraph at lines 258--259
 [][] 
 []

[11 <./fig13.png (PNG copy)>]
<fig14.png, id=64, 421.575pt x 435.87843pt>
File: fig14.png Graphic file (type png)
<use fig14.png>
Package pdftex.def Info: fig14.png  used on input line 265.
(pdftex.def)             Requested size: 505.88745pt x 523.0515pt.

Overfull \hbox (22.19058pt too wide) in paragraph at lines 265--266
 [][] 
 []

[12 <./fig14.png (PNG copy)>]
<fig15.png, id=68, 421.575pt x 436.63126pt>
File: fig15.png Graphic file (type png)
<use fig15.png>
Package pdftex.def Info: fig15.png  used on input line 272.
(pdftex.def)             Requested size: 505.88745pt x 523.95488pt.

Overfull \hbox (22.19058pt too wide) in paragraph at lines 272--273
 [][] 
 []

[13 <./fig15.png (PNG copy)>]
<fig16.png, id=72, 421.575pt x 453.94594pt>
File: fig16.png Graphic file (type png)
<use fig16.png>
Package pdftex.def Info: fig16.png  used on input line 280.
(pdftex.def)             Requested size: 505.88745pt x 544.73239pt.

Overfull \hbox (22.19058pt too wide) in paragraph at lines 280--281
 [][] 
 []

[14 <./fig16.png (PNG copy)>]
<../Imagenes de señales problema 2/Sin título.png, id=76, 299.61937pt x 109.9
1063pt>
File: ../Imagenes de señales problema 2/Sin título.png Graphic file (type png
)
<use ../Imagenes de señales problema 2/Sin título.png>
Package pdftex.def Info: ../Imagenes de señales problema 2/Sin título.png  us
ed on input line 292.
(pdftex.def)             Requested size: 179.77301pt x 65.94687pt.
<../Imagenes de señales problema 2/pulso.png, id=77, 402.75468pt x 325.215pt>
File: ../Imagenes de señales problema 2/pulso.png Graphic file (type png)
<use ../Imagenes de señales problema 2/pulso.png>
Package pdftex.def Info: ../Imagenes de señales problema 2/pulso.png  used on 
input line 297.
(pdftex.def)             Requested size: 201.37685pt x 162.6071pt.
<../Imagenes de señales problema 2/sintutulo1.png, id=78, 307.1475pt x 109.910
63pt>
File: ../Imagenes de señales problema 2/sintutulo1.png Graphic file (type png)

<use ../Imagenes de señales problema 2/sintutulo1.png>
Package pdftex.def Info: ../Imagenes de señales problema 2/sintutulo1.png  use
d on input line 304.
(pdftex.def)             Requested size: 184.28992pt x 65.94687pt.
<../Imagenes de señales problema 2/triangulo.png, id=79, 404.26031pt x 325.967
82pt>
File: ../Imagenes de señales problema 2/triangulo.png Graphic file (type png)
<use ../Imagenes de señales problema 2/triangulo.png>
Package pdftex.def Info: ../Imagenes de señales problema 2/triangulo.png  used
 on input line 309.
(pdftex.def)             Requested size: 202.12965pt x 162.9835pt.
 [15 <../Imagenes de señales problema 2/Sin título.png> <../Imagenes de seña
les problema 2/pulso.png> <../Imagenes de señales problema 2/sintutulo1.png> <
../Imagenes de señales problema 2/triangulo.png>]
<../Imagenes de señales problema 2/titulo2.png, id=83, 365.11406pt x 121.20282
pt>
File: ../Imagenes de señales problema 2/titulo2.png Graphic file (type png)
<use ../Imagenes de señales problema 2/titulo2.png>
Package pdftex.def Info: ../Imagenes de señales problema 2/titulo2.png  used o
n input line 317.
(pdftex.def)             Requested size: 219.07011pt x 72.72224pt.
<../Imagenes de señales problema 2/expone.png, id=84, 391.4625pt x 327.47343pt
>
File: ../Imagenes de señales problema 2/expone.png Graphic file (type png)
<use ../Imagenes de señales problema 2/expone.png>
Package pdftex.def Info: ../Imagenes de señales problema 2/expone.png  used on
 input line 323.
(pdftex.def)             Requested size: 234.8793pt x 196.48558pt.

Underfull \hbox (badness 10000) in paragraph at lines 338--339

 []

[16 <../Imagenes de señales problema 2/titulo2.png> <../Imagenes de señales p
roblema 2/expone.png>]
Underfull \hbox (badness 10000) in paragraph at lines 339--340

 []


Overfull \hbox (19.36635pt too wide) detected at line 356
[]
 []

[17]
Overfull \hbox (4.37257pt too wide) detected at line 392
[]
 []

[18]
Overfull \hbox (4.87451pt too wide) detected at line 403
\OML/jkp/m/it/12 n \OT1/jkp/m/n/12 = 5 \OMS/jkp/m/n/12 ! \OML/jkp/m/it/12 y\OT1
/jkp/m/n/12 [\OML/jkp/m/it/12 n\OT1/jkp/m/n/12 ] = [] \OML/jkp/m/it/12 g\OT1/jk
p/m/n/12 [\OML/jkp/m/it/12 k\OT1/jkp/m/n/12 ]\OML/jkp/m/it/12 h\OT1/jkp/m/n/12 
[\OML/jkp/m/it/12 n \OMS/jkp/m/n/12   \OML/jkp/m/it/12 k\OT1/jkp/m/n/12 ] = \OM
L/jkp/m/it/12 g\OT1/jkp/m/n/12 [\OMS/jkp/m/n/12  \OT1/jkp/m/n/12 2]\OML/jkp/m/i
t/12 h\OT1/jkp/m/n/12 [7] + \OML/jkp/m/it/12 g\OT1/jkp/m/n/12 [\OMS/jkp/m/n/12 
 \OT1/jkp/m/n/12 1]\OML/jkp/m/it/12 h\OT1/jkp/m/n/12 [6] + \OML/jkp/m/it/12 g\O
T1/jkp/m/n/12 [0]\OML/jkp/m/it/12 h\OT1/jkp/m/n/12 [5] + \OML/jkp/m/it/12 g\OT1
/jkp/m/n/12 [1]\OML/jkp/m/it/12 h\OT1/jkp/m/n/12 [4] + \OML/jkp/m/it/12 g\OT1/j
kp/m/n/12 [2]\OML/jkp/m/it/12 h\OT1/jkp/m/n/12 [3] = []
 []


Overfull \hbox (4.87451pt too wide) detected at line 404
\OML/jkp/m/it/12 n \OT1/jkp/m/n/12 = 6 \OMS/jkp/m/n/12 ! \OML/jkp/m/it/12 y\OT1
/jkp/m/n/12 [\OML/jkp/m/it/12 n\OT1/jkp/m/n/12 ] = [] \OML/jkp/m/it/12 g\OT1/jk
p/m/n/12 [\OML/jkp/m/it/12 k\OT1/jkp/m/n/12 ]\OML/jkp/m/it/12 h\OT1/jkp/m/n/12 
[\OML/jkp/m/it/12 n \OMS/jkp/m/n/12   \OML/jkp/m/it/12 k\OT1/jkp/m/n/12 ] = \OM
L/jkp/m/it/12 g\OT1/jkp/m/n/12 [\OMS/jkp/m/n/12  \OT1/jkp/m/n/12 2]\OML/jkp/m/i
t/12 h\OT1/jkp/m/n/12 [8] + \OML/jkp/m/it/12 g\OT1/jkp/m/n/12 [\OMS/jkp/m/n/12 
 \OT1/jkp/m/n/12 1]\OML/jkp/m/it/12 h\OT1/jkp/m/n/12 [7] + \OML/jkp/m/it/12 g\O
T1/jkp/m/n/12 [0]\OML/jkp/m/it/12 h\OT1/jkp/m/n/12 [6] + \OML/jkp/m/it/12 g\OT1
/jkp/m/n/12 [1]\OML/jkp/m/it/12 h\OT1/jkp/m/n/12 [5] + \OML/jkp/m/it/12 g\OT1/j
kp/m/n/12 [2]\OML/jkp/m/it/12 h\OT1/jkp/m/n/12 [4] = []
 []

[19]
<../Imagenes de señales problema 2/ff.png, id=98, 353.06906pt x 341.02406pt>
File: ../Imagenes de señales problema 2/ff.png Graphic file (type png)
<use ../Imagenes de señales problema 2/ff.png>
Package pdftex.def Info: ../Imagenes de señales problema 2/ff.png  used on inp
ut line 438.
(pdftex.def)             Requested size: 247.14665pt x 238.71521pt.
<../Imagenes de señales problema 2/ffgrafica.png, id=99, 393.72093pt x 318.439
68pt>
File: ../Imagenes de señales problema 2/ffgrafica.png Graphic file (type png)
<use ../Imagenes de señales problema 2/ffgrafica.png>
Package pdftex.def Info: ../Imagenes de señales problema 2/ffgrafica.png  used
 on input line 442.
(pdftex.def)             Requested size: 314.97717pt x 254.75209pt.
 [20 <../Imagenes de señales problema 2/ff.png> <../Imagenes de señales probl
ema 2/ffgrafica.png>]
<../Imagenes de señales problema 2/fggrafica.png, id=103, 394.47375pt x 311.66
437pt>
File: ../Imagenes de señales problema 2/fggrafica.png Graphic file (type png)
<use ../Imagenes de señales problema 2/fggrafica.png>
Package pdftex.def Info: ../Imagenes de señales problema 2/fggrafica.png  used
 on input line 447.
(pdftex.def)             Requested size: 315.57942pt x 249.33183pt.
<../Imagenes de señales problema 2/fh.png, id=104, 396.7322pt x 308.65312pt>
File: ../Imagenes de señales problema 2/fh.png Graphic file (type png)
<use ../Imagenes de señales problema 2/fh.png>
Package pdftex.def Info: ../Imagenes de señales problema 2/fh.png  used on inp
ut line 451.
(pdftex.def)             Requested size: 317.38617pt x 246.92282pt.
 [21 <../Imagenes de señales problema 2/fggrafica.png> <../Imagenes de señale
s problema 2/fh.png>]
<../Imagenes de señales problema 2/gg.png, id=108, 392.96812pt x 309.40594pt>
File: ../Imagenes de señales problema 2/gg.png Graphic file (type png)
<use ../Imagenes de señales problema 2/gg.png>
Package pdftex.def Info: ../Imagenes de señales problema 2/gg.png  used on inp
ut line 456.
(pdftex.def)             Requested size: 314.37491pt x 247.52509pt.
<../Imagenes de señales problema 2/gh.png, id=109, 395.97937pt x 304.13625pt>
File: ../Imagenes de señales problema 2/gh.png Graphic file (type png)
<use ../Imagenes de señales problema 2/gh.png>
Package pdftex.def Info: ../Imagenes de señales problema 2/gh.png  used on inp
ut line 460.
(pdftex.def)             Requested size: 316.78392pt x 243.30933pt.
 [22 <../Imagenes de señales problema 2/gg.png> <../Imagenes de señales probl
ema 2/gh.png>]
<../Imagenes de señales problema 2/hh.png, id=113, 398.23781pt x 304.88907pt>
File: ../Imagenes de señales problema 2/hh.png Graphic file (type png)
<use ../Imagenes de señales problema 2/hh.png>
Package pdftex.def Info: ../Imagenes de señales problema 2/hh.png  used on inp
ut line 465.
(pdftex.def)             Requested size: 318.59067pt x 243.91158pt.
 [23 <../Imagenes de señales problema 2/hh.png>]
Underfull \hbox (badness 10000) in paragraph at lines 472--475

 []


Underfull \hbox (badness 10000) in paragraph at lines 472--475

 []

<DIAGRAMADEBLOQUESSISTEMA3.jpeg, id=118, 569.12625pt x 336.25626pt>
File: DIAGRAMADEBLOQUESSISTEMA3.jpeg Graphic file (type jpg)
<use DIAGRAMADEBLOQUESSISTEMA3.jpeg>
Package pdftex.def Info: DIAGRAMADEBLOQUESSISTEMA3.jpeg  used on input line 492
.
(pdftex.def)             Requested size: 398.38567pt x 235.37776pt.
[24 <./DIAGRAMADEBLOQUESSISTEMA3.jpeg>]
Underfull \hbox (badness 10000) in paragraph at lines 499--501

 []

<IMAGENRESPUESTAIMPULSO.jpeg, id=122, 569.12625pt x 355.3275pt>
File: IMAGENRESPUESTAIMPULSO.jpeg Graphic file (type jpg)
<use IMAGENRESPUESTAIMPULSO.jpeg>
Package pdftex.def Info: IMAGENRESPUESTAIMPULSO.jpeg  used on input line 505.
(pdftex.def)             Requested size: 341.47838pt x 213.19814pt.

Underfull \hbox (badness 10000) in paragraph at lines 510--512

 []

<IMAGENRESPUESTAESCALON.jpeg, id=123, 569.12625pt x 335.2525pt>
File: IMAGENRESPUESTAESCALON.jpeg Graphic file (type jpg)
<use IMAGENRESPUESTAESCALON.jpeg>
Package pdftex.def Info: IMAGENRESPUESTAESCALON.jpeg  used on input line 517.
(pdftex.def)             Requested size: 341.47838pt x 201.15305pt.
[25 <./IMAGENRESPUESTAIMPULSO.jpeg> <./IMAGENRESPUESTAESCALON.jpeg>]
Underfull \hbox (badness 10000) in paragraph at lines 523--525

 []

<IMAGENRESPUESTAUEX.jpeg, id=127, 569.12625pt x 358.33875pt>
File: IMAGENRESPUESTAUEX.jpeg Graphic file (type jpg)
<use IMAGENRESPUESTAUEX.jpeg>
Package pdftex.def Info: IMAGENRESPUESTAUEX.jpeg  used on input line 530.
(pdftex.def)             Requested size: 313.0204pt x 197.08691pt.

Underfull \hbox (badness 10000) in paragraph at lines 539--540

 []


Underfull \hbox (badness 10000) in paragraph at lines 546--547

 []


Underfull \hbox (badness 10000) in paragraph at lines 553--554

 []

[26 <./IMAGENRESPUESTAUEX.jpeg>]
Underfull \hbox (badness 10000) in paragraph at lines 567--570

 []


Underfull \hbox (badness 10000) in paragraph at lines 567--570

 []


Underfull \hbox (badness 10000) in paragraph at lines 576--578

 []

[27]
<DIAGRAMABLOQUESISTEMA4.png, id=135, 915.42pt x 342.5297pt>
File: DIAGRAMABLOQUESISTEMA4.png Graphic file (type png)
<use DIAGRAMABLOQUESISTEMA4.png>
Package pdftex.def Info: DIAGRAMABLOQUESISTEMA4.png  used on input line 608.
(pdftex.def)             Requested size: 448.55972pt x 167.84102pt.
<DIAGRAMABLOQUESISTEMA4VERIFICACION.png, id=136, 921.4425pt x 347.79938pt>
File: DIAGRAMABLOQUESISTEMA4VERIFICACION.png Graphic file (type png)
<use DIAGRAMABLOQUESISTEMA4VERIFICACION.png>
Package pdftex.def Info: DIAGRAMABLOQUESISTEMA4VERIFICACION.png  used on input 
line 617.
(pdftex.def)             Requested size: 451.51079pt x 170.42317pt.

Underfull \hbox (badness 10000) in paragraph at lines 613--623

 []

[28 <./DIAGRAMABLOQUESISTEMA4.png> <./DIAGRAMABLOQUESISTEMA4VERIFICACION.png>]
Underfull \hbox (badness 10000) in paragraph at lines 625--626

 []

<DIAGRAMADEIMPULSO.png, id=140, 922.19531pt x 341.77687pt>
File: DIAGRAMADEIMPULSO.png Graphic file (type png)
<use DIAGRAMADEIMPULSO.png>
Package pdftex.def Info: DIAGRAMADEIMPULSO.png  used on input line 630.
(pdftex.def)             Requested size: 451.87967pt x 167.47212pt.
<DIAGRAMADEIMPULSO2.png, id=141, 405.01312pt x 97.86563pt>
File: DIAGRAMADEIMPULSO2.png Graphic file (type png)
<use DIAGRAMADEIMPULSO2.png>
Package pdftex.def Info: DIAGRAMADEIMPULSO2.png  used on input line 637.
(pdftex.def)             Requested size: 243.00974pt x 58.71982pt.
<RESPUESTADELIMPULSO.png, id=142, 421.575pt x 309.40594pt>
File: RESPUESTADELIMPULSO.png Graphic file (type png)
<use RESPUESTADELIMPULSO.png>
Package pdftex.def Info: RESPUESTADELIMPULSO.png  used on input line 645.
(pdftex.def)             Requested size: 295.10048pt x 216.58267pt.
[29 <./DIAGRAMADEIMPULSO.png> <./DIAGRAMADEIMPULSO2.png> <./RESPUESTADELIMPULSO
.png>]
Underfull \hbox (badness 10000) in paragraph at lines 651--652

 []

<DIAGRAMADEESCALON.png, id=147, 921.4425pt x 338.76563pt>
File: DIAGRAMADEESCALON.png Graphic file (type png)
<use DIAGRAMADEESCALON.png>
Package pdftex.def Info: DIAGRAMADEESCALON.png  used on input line 656.
(pdftex.def)             Requested size: 451.51079pt x 165.9966pt.
<DIAGRAMADEESCALON2.png, id=148, 405.76593pt x 101.62968pt>
File: DIAGRAMADEESCALON2.png Graphic file (type png)
<use DIAGRAMADEESCALON2.png>
Package pdftex.def Info: DIAGRAMADEESCALON2.png  used on input line 663.
(pdftex.def)             Requested size: 243.46143pt x 60.97827pt.
<RESPUESTADELESCALON.png, id=149, 480.29437pt x 347.79938pt>
File: RESPUESTADELESCALON.png Graphic file (type png)
<use RESPUESTADELESCALON.png>
Package pdftex.def Info: RESPUESTADELESCALON.png  used on input line 671.
(pdftex.def)             Requested size: 288.17883pt x 208.68123pt.
[30 <./DIAGRAMADEESCALON.png> <./DIAGRAMADEESCALON2.png> <./RESPUESTADELESCALON
.png>]
Underfull \hbox (badness 10000) in paragraph at lines 677--678

 []

<DIAGRAMADEAMORTIGUACION.png, id=153, 925.20656pt x 341.77687pt>
File: DIAGRAMADEAMORTIGUACION.png Graphic file (type png)
<use DIAGRAMADEAMORTIGUACION.png>
Package pdftex.def Info: DIAGRAMADEAMORTIGUACION.png  used on input line 682.
(pdftex.def)             Requested size: 453.35518pt x 167.47212pt.
<DIAGRAMADEAMORTIGUACION2.png, id=154, 484.81125pt x 103.88812pt>
File: DIAGRAMADEAMORTIGUACION2.png Graphic file (type png)
<use DIAGRAMADEAMORTIGUACION2.png>
Package pdftex.def Info: DIAGRAMADEAMORTIGUACION2.png  used on input line 689.
(pdftex.def)             Requested size: 290.88899pt x 62.33334pt.
<RESPUESTADEAMORTIGUACION.png, id=155, 526.96875pt x 408.02437pt>
File: RESPUESTADEAMORTIGUACION.png Graphic file (type png)
<use RESPUESTADEAMORTIGUACION.png>
Package pdftex.def Info: RESPUESTADEAMORTIGUACION.png  used on input line 697.
(pdftex.def)             Requested size: 274.02531pt x 212.17389pt.
[31 <./DIAGRAMADEAMORTIGUACION.png> <./DIAGRAMADEAMORTIGUACION2.png> <./RESPUES
TADEAMORTIGUACION.png>]
Underfull \hbox (badness 10000) in paragraph at lines 702--706

 []

<LOCALIZACIONDEEU.png, id=159, 447.92343pt x 437.38406pt>
File: LOCALIZACIONDEEU.png Graphic file (type png)
<use LOCALIZACIONDEEU.png>
Package pdftex.def Info: LOCALIZACIONDEEU.png  used on input line 710.
(pdftex.def)             Requested size: 215.0008pt x 209.94196pt.
File: DIAGRAMADEAMORTIGUACION2.png Graphic file (type png)
<use DIAGRAMADEAMORTIGUACION2.png>
Package pdftex.def Info: DIAGRAMADEAMORTIGUACION2.png  used on input line 718.
(pdftex.def)             Requested size: 242.40503pt x 51.94392pt.
<REALIZARLAAMORTIGUACIONENTRADA.png, id=160, 773.89125pt x 304.13625pt>
File: REALIZARLAAMORTIGUACIONENTRADA.png Graphic file (type png)
<use REALIZARLAAMORTIGUACIONENTRADA.png>
Package pdftex.def Info: REALIZARLAAMORTIGUACIONENTRADA.png  used on input line
 727.
(pdftex.def)             Requested size: 386.94467pt x 152.06775pt.
[32 <./LOCALIZACIONDEEU.png> <./REALIZARLAAMORTIGUACIONENTRADA.png>]
Underfull \hbox (badness 10000) in paragraph at lines 735--737

 []


Underfull \hbox (badness 10000) in paragraph at lines 735--737

 []


Underfull \hbox (badness 10000) in paragraph at lines 743--747

 []


Underfull \hbox (badness 10000) in paragraph at lines 751--752

 []


Underfull \hbox (badness 10000) in paragraph at lines 758--762

 []


Underfull \hbox (badness 10000) in paragraph at lines 766--767

 []

[33]
Underfull \hbox (badness 10000) in paragraph at lines 773--777

 []

[34]
Underfull \hbox (badness 10000) in paragraph at lines 788--790

 []


Underfull \hbox (badness 10000) in paragraph at lines 788--790

 []


Underfull \hbox (badness 10000) in paragraph at lines 792--796

 []


Underfull \hbox (badness 10000) in paragraph at lines 792--796

 []


Underfull \hbox (badness 10000) in paragraph at lines 799--802

 []

[35] [36] (LABORATORIO1- 2PC EE410M.aux (CARATULATAREAPC3.aux) (indice.aux))

LaTeX Warning: There were multiply-defined labels.

 ) 
Here is how much of TeX's memory you used:
 6345 strings out of 479334
 91872 string characters out of 2866957
 390613 words of memory out of 3000000
 23632 multiletter control sequences out of 15000+200000
 458569 words of font info for 142 fonts, out of 3000000 for 9000
 1141 hyphenation exceptions out of 8191
 68i,12n,74p,687b,357s stack positions out of 5000i,500n,10000p,200000b,50000s
{C:/Program Files/MiKTeX/fonts/enc/dvips/base/8r.enc}<C:/Users/Harold/AppData
/Roaming/MiKTeX/fonts/type1/public/kpfonts/jkpbit8a.pfb><C:/Users/Harold/AppDat
a/Roaming/MiKTeX/fonts/type1/public/kpfonts/jkpbn8a.pfb><C:/Users/Harold/AppDat
a/Roaming/MiKTeX/fonts/type1/public/kpfonts/jkpex.pfb><C:/Users/Harold/AppData/
Roaming/MiKTeX/fonts/type1/public/kpfonts/jkpmi.pfb><C:/Users/Harold/AppData/Ro
aming/MiKTeX/fonts/type1/public/kpfonts/jkpmit8a.pfb><C:/Users/Harold/AppData/R
oaming/MiKTeX/fonts/type1/public/kpfonts/jkpmn8a.pfb><C:/Users/Harold/AppData/R
oaming/MiKTeX/fonts/type1/public/kpfonts/jkpsy.pfb><C:/Users/Harold/AppData/Roa
ming/MiKTeX/fonts/type1/public/kpfonts/jkpsya.pfb>
Output written on "LABORATORIO1- 2PC EE410M.pdf" (38 pages, 1032345 bytes).
PDF statistics:
 206 PDF objects out of 1000 (max. 8388607)
 0 named destinations out of 1000 (max. 500000)
 236 words of extra memory for PDF output out of 10000 (max. 10000000)

